<?xml version="1.0" encoding="UTF-8"?>
<!-- Generated by org.testng.reporters.JUnitReportReporter -->
<testsuite hostname="Jobinz" name="sandbox.Check_functions" tests="1" failures="0" timestamp="26 Jun 2016 10:09:15 GMT" time="12.051" errors="0">
  <testcase name="loadanewURL" time="12.051" classname="sandbox.Check_functions"/>
</testsuite> <!-- sandbox.Check_functions -->
